<?xml version="1.0" encoding="UTF-8"?>
<testsuite xmlns:xsi="http://www.w3.org/2001/XMLSchema-instance" xsi:noNamespaceSchemaLocation="https://maven.apache.org/surefire/maven-surefire-plugin/xsd/surefire-test-report.xsd" name="com.banerjee.greetings.GreetingsImplTest" time="0.055" tests="3" errors="0" skipped="0" failures="0">
  <properties>
    <property name="gopherProxySet" value="false"/>
    <property name="awt.toolkit" value="sun.lwawt.macosx.LWCToolkit"/>
    <property name="java.specification.version" value="11"/>
    <property name="sun.cpu.isalist" value=""/>
    <property name="sun.jnu.encoding" value="UTF-8"/>
    <property name="java.class.path" value="/Users/nirmohobanerjee/Documents/Unit-Tests/GreetingManager/target/test-classes:/Users/nirmohobanerjee/Documents/Unit-Tests/GreetingManager/target/classes:/Users/nirmohobanerjee/.m2/repository/org/junit/jupiter/junit-jupiter-engine/5.4.0/junit-jupiter-engine-5.4.0.jar:/Users/nirmohobanerjee/.m2/repository/org/apiguardian/apiguardian-api/1.0.0/apiguardian-api-1.0.0.jar:/Users/nirmohobanerjee/.m2/repository/org/junit/platform/junit-platform-engine/1.4.0/junit-platform-engine-1.4.0.jar:/Users/nirmohobanerjee/.m2/repository/org/junit/vintage/junit-vintage-engine/5.4.0-RC1/junit-vintage-engine-5.4.0-RC1.jar:/Users/nirmohobanerjee/.m2/repository/junit/junit/4.12/junit-4.12.jar:/Users/nirmohobanerjee/.m2/repository/org/hamcrest/hamcrest-core/1.3/hamcrest-core-1.3.jar:/Users/nirmohobanerjee/.m2/repository/org/junit/platform/junit-platform-runner/1.4.0/junit-platform-runner-1.4.0.jar:/Users/nirmohobanerjee/.m2/repository/org/junit/platform/junit-platform-launcher/1.4.0/junit-platform-launcher-1.4.0.jar:/Users/nirmohobanerjee/.m2/repository/org/junit/platform/junit-platform-suite-api/1.4.0/junit-platform-suite-api-1.4.0.jar:/Users/nirmohobanerjee/.m2/repository/org/junit/jupiter/junit-jupiter-api/5.4.0-RC2/junit-jupiter-api-5.4.0-RC2.jar:/Users/nirmohobanerjee/.m2/repository/org/opentest4j/opentest4j/1.1.1/opentest4j-1.1.1.jar:/Users/nirmohobanerjee/.m2/repository/org/junit/platform/junit-platform-commons/1.4.0-RC2/junit-platform-commons-1.4.0-RC2.jar:"/>
    <property name="java.vm.vendor" value="Oracle Corporation"/>
    <property name="sun.arch.data.model" value="64"/>
    <property name="java.vendor.url" value="http://java.oracle.com/"/>
    <property name="user.timezone" value="America/Los_Angeles"/>
    <property name="java.vm.specification.version" value="11"/>
    <property name="os.name" value="Mac OS X"/>
    <property name="sun.java.launcher" value="SUN_STANDARD"/>
    <property name="user.country" value="US"/>
    <property name="sun.boot.library.path" value="/Library/Java/JavaVirtualMachines/jdk-11.0.2.jdk/Contents/Home/lib"/>
    <property name="sun.java.command" value="/Users/nirmohobanerjee/Documents/Unit-Tests/GreetingManager/target/surefire/surefirebooter372190423554137600.jar /Users/nirmohobanerjee/Documents/Unit-Tests/GreetingManager/target/surefire 2019-03-10T20-52-38_928-jvmRun1 surefire15694156227381388797tmp surefire_04138163809836553663tmp"/>
    <property name="http.nonProxyHosts" value="local|*.local|169.254/16|*.169.254/16"/>
    <property name="jdk.debug" value="release"/>
    <property name="surefire.test.class.path" value="/Users/nirmohobanerjee/Documents/Unit-Tests/GreetingManager/target/test-classes:/Users/nirmohobanerjee/Documents/Unit-Tests/GreetingManager/target/classes:/Users/nirmohobanerjee/.m2/repository/org/junit/jupiter/junit-jupiter-engine/5.4.0/junit-jupiter-engine-5.4.0.jar:/Users/nirmohobanerjee/.m2/repository/org/apiguardian/apiguardian-api/1.0.0/apiguardian-api-1.0.0.jar:/Users/nirmohobanerjee/.m2/repository/org/junit/platform/junit-platform-engine/1.4.0/junit-platform-engine-1.4.0.jar:/Users/nirmohobanerjee/.m2/repository/org/junit/vintage/junit-vintage-engine/5.4.0-RC1/junit-vintage-engine-5.4.0-RC1.jar:/Users/nirmohobanerjee/.m2/repository/junit/junit/4.12/junit-4.12.jar:/Users/nirmohobanerjee/.m2/repository/org/hamcrest/hamcrest-core/1.3/hamcrest-core-1.3.jar:/Users/nirmohobanerjee/.m2/repository/org/junit/platform/junit-platform-runner/1.4.0/junit-platform-runner-1.4.0.jar:/Users/nirmohobanerjee/.m2/repository/org/junit/platform/junit-platform-launcher/1.4.0/junit-platform-launcher-1.4.0.jar:/Users/nirmohobanerjee/.m2/repository/org/junit/platform/junit-platform-suite-api/1.4.0/junit-platform-suite-api-1.4.0.jar:/Users/nirmohobanerjee/.m2/repository/org/junit/jupiter/junit-jupiter-api/5.4.0-RC2/junit-jupiter-api-5.4.0-RC2.jar:/Users/nirmohobanerjee/.m2/repository/org/opentest4j/opentest4j/1.1.1/opentest4j-1.1.1.jar:/Users/nirmohobanerjee/.m2/repository/org/junit/platform/junit-platform-commons/1.4.0-RC2/junit-platform-commons-1.4.0-RC2.jar:"/>
    <property name="sun.cpu.endian" value="little"/>
    <property name="user.home" value="/Users/nirmohobanerjee"/>
    <property name="user.language" value="en"/>
    <property name="java.specification.vendor" value="Oracle Corporation"/>
    <property name="java.version.date" value="2019-01-15"/>
    <property name="java.home" value="/Library/Java/JavaVirtualMachines/jdk-11.0.2.jdk/Contents/Home"/>
    <property name="file.separator" value="/"/>
    <property name="basedir" value="/Users/nirmohobanerjee/Documents/Unit-Tests/GreetingManager"/>
    <property name="java.vm.compressedOopsMode" value="Zero based"/>
    <property name="line.separator" value="&#10;"/>
    <property name="java.specification.name" value="Java Platform API Specification"/>
    <property name="java.vm.specification.vendor" value="Oracle Corporation"/>
    <property name="java.awt.graphicsenv" value="sun.awt.CGraphicsEnvironment"/>
    <property name="surefire.real.class.path" value="/Users/nirmohobanerjee/Documents/Unit-Tests/GreetingManager/target/surefire/surefirebooter372190423554137600.jar"/>
    <property name="sun.management.compiler" value="HotSpot 64-Bit Tiered Compilers"/>
    <property name="ftp.nonProxyHosts" value="local|*.local|169.254/16|*.169.254/16"/>
    <property name="java.runtime.version" value="11.0.2+9-LTS"/>
    <property name="user.name" value="nirmohobanerjee"/>
    <property name="path.separator" value=":"/>
    <property name="os.version" value="10.14.2"/>
    <property name="java.runtime.name" value="Java(TM) SE Runtime Environment"/>
    <property name="file.encoding" value="UTF-8"/>
    <property name="java.vm.name" value="Java HotSpot(TM) 64-Bit Server VM"/>
    <property name="java.vendor.version" value="18.9"/>
    <property name="localRepository" value="/Users/nirmohobanerjee/.m2/repository"/>
    <property name="java.vendor.url.bug" value="http://bugreport.java.com/bugreport/"/>
    <property name="java.io.tmpdir" value="/var/folders/xz/j4nt21dn54q0pgzvm3qhkxfc0000gn/T/"/>
    <property name="java.version" value="11.0.2"/>
    <property name="user.dir" value="/Users/nirmohobanerjee/Documents/Unit-Tests/GreetingManager"/>
    <property name="os.arch" value="x86_64"/>
    <property name="java.vm.specification.name" value="Java Virtual Machine Specification"/>
    <property name="java.awt.printerjob" value="sun.lwawt.macosx.CPrinterJob"/>
    <property name="sun.os.patch.level" value="unknown"/>
    <property name="java.library.path" value="/Users/nirmohobanerjee/Library/Java/Extensions:/Library/Java/Extensions:/Network/Library/Java/Extensions:/System/Library/Java/Extensions:/usr/lib/java:."/>
    <property name="java.vendor" value="Oracle Corporation"/>
    <property name="java.vm.info" value="mixed mode"/>
    <property name="java.vm.version" value="11.0.2+9-LTS"/>
    <property name="sun.io.unicode.encoding" value="UnicodeBig"/>
    <property name="java.class.version" value="55.0"/>
    <property name="socksNonProxyHosts" value="local|*.local|169.254/16|*.169.254/16"/>
  </properties>
  <testcase name="greetShouldThrowAnExceptionForNameEmpty" classname="com.banerjee.greetings.GreetingsImplTest" time="0.026"/>
  <testcase name="greetShouldReturnValidOutput" classname="com.banerjee.greetings.GreetingsImplTest" time="0.015"/>
  <testcase name="greetShouldThrowAnExceptionForNameNull" classname="com.banerjee.greetings.GreetingsImplTest" time="0.002"/>
</testsuite>